生成启动时间为 2015/10/26 14:16:58。
     1>项目“E:\Graphical_extend\151026_OpenMS3D\TEST\TEST\TEST.vcxproj”在节点 2 上(build 个目标)。
     1>PrepareForBuild:
         正在创建目录“E:\Graphical_extend\151026_OpenMS3D\TEST\Debug\”。
       InitializeBuildStatus:
         正在创建“Debug\TEST.unsuccessfulbuild”，因为已指定“AlwaysCreate”。
       ManifestResourceCompile:
         C:\Program Files (x86)\Microsoft SDKs\Windows\v7.0A\bin\rc.exe /nologo /fo"Debug\TEST.exe.embed.manifest.res" Debug\TEST_manifest.rc 
       Link:
         d:\Program Files (x86)\Visual Studio 2010\apply\VC\bin\link.exe /ERRORREPORT:PROMPT /OUT:"E:\Graphical_extend\151026_OpenMS3D\TEST\Debug\TEST.exe" /INCREMENTAL /NOLOGO opencv_ml249d.lib opencv_calib3d249d.lib opencv_contrib249d.lib opencv_core249d.lib opencv_features2d249d.lib opencv_flann249d.lib opencv_gpu249d.lib opencv_highgui249d.lib opencv_imgproc249d.lib opencv_legacy249d.lib opencv_objdetect249d.lib opencv_ts249d.lib opencv_video249d.lib opencv_nonfree249d.lib opencv_ocl249d.lib opencv_photo249d.lib opencv_stitching249d.lib opencv_superres249d.lib opencv_videostab249d.lib opencv_objdetect249.lib opencv_ts249.lib opencv_video249.lib opencv_nonfree249.lib opencv_ocl249.lib opencv_photo249.lib opencv_stitching249.lib opencv_superres249.lib opencv_videostab249.lib opencv_calib3d249.lib opencv_contrib249.lib opencv_core249.lib opencv_features2d249.lib opencv_flann249.lib opencv_gpu249.lib opencv_highgui249.lib opencv_imgproc249.lib opencv_legacy249.lib opencv_ml249.lib kernel32.lib user32.lib gdi32.lib winspool.lib comdlg32.lib advapi32.lib shell32.lib ole32.lib oleaut32.lib uuid.lib odbc32.lib odbccp32.lib /MANIFEST /ManifestFile:"Debug\TEST.exe.intermediate.manifest" /MANIFESTUAC:"level='asInvoker' uiAccess='false'" /DEBUG /PDB:"E:\Graphical_extend\151026_OpenMS3D\TEST\Debug\TEST.pdb" /SUBSYSTEM:CONSOLE /TLBID:1 /DYNAMICBASE /NXCOMPAT /IMPLIB:"E:\Graphical_extend\151026_OpenMS3D\TEST\Debug\TEST.lib" /MACHINE:X86 Debug\TEST.exe.embed.manifest.res
     1>LINK : error LNK2001: 无法解析的外部符号 _mainCRTStartup
     1>E:\Graphical_extend\151026_OpenMS3D\TEST\Debug\TEST.exe : fatal error LNK1120: 1 个无法解析的外部命令
     1>已完成生成项目“E:\Graphical_extend\151026_OpenMS3D\TEST\TEST\TEST.vcxproj”(build 个目标)的操作 - 失败。

生成失败。

已用时间 00:00:02.27
